Running tests for 5 at Linux nxc3970x 5.15.0-76-generic #83-Ubuntu SMP Thu Jun 15 19:16:32 UTC 2023 x86_64 x86_64 x86_64 GNU/Linux
Number of DSEs: 4 8
DNNs: resnet50 vgg16 yolov3 bert_base
Batch sizes: 1 2 4 8 16
Number of tiles: 20 50 100
Script started at Tue Jul 25 10:19:05 PM KST 2023

    Running resnet50 with 4 DSEs, batch size 1, and 20 tiles (1/120)
    ./x86_linux_scheduling --sock_type=2 --pipelined=1 --dirname=temp --target_nasm_dir=data/resnet50_B1_T20.nasm --target_dnn_dir=data/resnet50_base.aspen --prefix=resnet50 --rx_ip=127.0.0.1 --rx_port=3786 --schedule_policy=local --sched_sequential_idx=1 --dse_num=4 --output_order=cnn --inference_repeat_num=20
        division ninst idx: 0
STAGE: INFERENCE
Time taken: 0.031401 seconds
Resnet50:
Results:
1: Samoyed - 87.33%
2: Pomeranian - 3.03%
3: white wolf - 1.97%
4: keeshond - 1.11%
5: Eskimo dog - 0.92%
TIME_LOG, 4, resnet50, 1, 20, 0.031401 

    Running resnet50 with 4 DSEs, batch size 1, and 50 tiles (2/120)
    ./x86_linux_scheduling --sock_type=2 --pipelined=1 --dirname=temp --target_nasm_dir=data/resnet50_B1_T50.nasm --target_dnn_dir=data/resnet50_base.aspen --prefix=resnet50 --rx_ip=127.0.0.1 --rx_port=3786 --schedule_policy=local --sched_sequential_idx=1 --dse_num=4 --output_order=cnn --inference_repeat_num=20
        division ninst idx: 0
STAGE: INFERENCE
Time taken: 0.034228 seconds
Resnet50:
Results:
1: Samoyed - 87.33%
2: Pomeranian - 3.03%
3: white wolf - 1.97%
4: keeshond - 1.11%
5: Eskimo dog - 0.92%
TIME_LOG, 4, resnet50, 1, 50, 0.034228 

    Running resnet50 with 4 DSEs, batch size 1, and 100 tiles (3/120)
    ./x86_linux_scheduling --sock_type=2 --pipelined=1 --dirname=temp --target_nasm_dir=data/resnet50_B1_T100.nasm --target_dnn_dir=data/resnet50_base.aspen --prefix=resnet50 --rx_ip=127.0.0.1 --rx_port=3786 --schedule_policy=local --sched_sequential_idx=1 --dse_num=4 --output_order=cnn --inference_repeat_num=20
        division ninst idx: 0
STAGE: INFERENCE
Time taken: 0.036379 seconds
Resnet50:
Results:
1: Samoyed - 87.33%
2: Pomeranian - 3.03%
3: white wolf - 1.97%
4: keeshond - 1.11%
5: Eskimo dog - 0.92%
TIME_LOG, 4, resnet50, 1, 100, 0.036379 

    Running resnet50 with 4 DSEs, batch size 2, and 20 tiles (4/120)
    ./x86_linux_scheduling --sock_type=2 --pipelined=1 --dirname=temp --target_nasm_dir=data/resnet50_B2_T20.nasm --target_dnn_dir=data/resnet50_base.aspen --prefix=resnet50 --rx_ip=127.0.0.1 --rx_port=3786 --schedule_policy=local --sched_sequential_idx=1 --dse_num=4 --output_order=cnn --inference_repeat_num=20
        division ninst idx: 0
STAGE: INFERENCE
Time taken: 0.058236 seconds
Resnet50:
Results:
1: Samoyed - 87.33%
2: Pomeranian - 3.03%
3: white wolf - 1.97%
4: keeshond - 1.11%
5: Eskimo dog - 0.92%
Results:
1: Persian cat - 81.12%
2: Angora - 18.20%
3: Samoyed - 0.18%
4: lynx - 0.15%
5: Pomeranian - 0.12%
TIME_LOG, 4, resnet50, 2, 20, 0.058236 

